[    0.000000] Linux version 4.15.0-76-generic (buildd@lcy01-amd64-029) (gcc vrson 7.4.0 (Ubuntu 7.4.0-1ubuntu1~18.04.1)) #86-Ubntu SMP Fri Jan 17 17:24:28 UTC 2020 (Ubuntu 4.15.0-76.86-generic 4.15.18)
[    0.000000] Command line: BOOT_IMAGE=/boot/vmlinuz-4.15.0-76-generic root=LABEL=cloudimg-rootfs ro console=tty1 console=ttyS0
[    0.000000] KERNEL supported cpus:
[    0.000000]   Intel GenuineIntel
[    0.000000]   AMD AuthenticAMD
[    0.000000]   Centaur CentaurHauls
[    0.000000] x86/fpu: Supporting XSAVE feature 0x001: 'x87 floating point rgisters'
[    0.00000] x86/pu: Supporting XSAVE feature 0x002: 'SSE registers'
[   0.000000 x86/fpu: Supporting XSAVE feature 0x04: 'AX registers'
[    0.00000 x86/fpu: xstateofset[2]:  576, xstate_sizes[2]:  256
[    0.000000] x86/fpu: Enabled xstat features 0x7, context size is 832 bytes, usng 'standard' format.
[    0.000000e820: BIOS-provided physical RAM map:
[   .000000] BIOS-e820: [m 0x0000000000000000-0x0000000009fbff] usable
[   .000000] BIOS-e820: [mem 0x000000000009fc00-0x0000000009ffff] resrved
[    0.000000] BIOS-e820: [mem 0x00000000000f000-0x00000000fffff] reserved
[   .000000] BIOS-e20 [em 0x0000000000100000-0x00000000dffeff] usable
[   0.000000] BIOS-e820: [mem 0x00000dffff0000-0x000000dfffffff] ACPI data
[    0.000000] BIOS-e820: [mem 0x00000000fec00000-0x00000000fec00fff] reserved
[    0.000000] BIOS-e820: [mem 0x00000000fee00000-0x00000000fee00fff] reserved
[    0.000000] BIOS-e820: [mem 0x00000000fffc0000-0x00000000ffffffff] reserved
[    0.000000] BIOS-e820: [mem 0x0000000100000000-0x000000021fffffff] usable
[    0.000000] NX (Execute Disable) prtection: active
[   0.000000] SMBIOS 2. pesent.
[    0.000000] MI inotek GmbH  VirtualBox/VirtualBox, BIOS VirtualBox 12/01/2006
[   0.000000] Hypervsor detected: KVM
[     0.000000] e820: last_pfn = 0x220000 max_arch_pfn = 0x400000000
[   .000000] MTRR: Disabled
[   0.00000] x86/PAT: MTRRs disabled, skipping PAT initialization too.
[   0.000000] CPU MTRs llblank - vrtualized system.
[   0.000000] x86/PAT: Configuration [0-7]: WB  WT  UC- UC  WB  WT  UC- UC  
[    0.000000] e820: last_pfn = 0xdfff0 max_arch_pfn =x40000000
[   0.000000] foun SP P-table at[mem 00009ff0-0x0009ffff]
[    0.000000] Scaning 1 ares  for low memory corruption
[    0.000000] RADISK: [mm x35a6f000-0x36d2efff]
[    0.000000] ACPI: Early table checksum verifiction disabled
[   0.000000] ACPI: RSDP x00000000000E0000 000024 (v02 VBOX  )
[    0.000000] ACPI: XSDT 0x00000000DFFF0030 00003C (v01 VBOX   VBOXXSDT 00000001 ASL  00000061)
[    0.000000] ACPI: FACP 0x00000000DFFF00F0 0000F4 (v04 VBOX   VBOXFACP 00000001 ASL  00000061)
[    0.000000] ACPI: DSDT 0x00000000DFFF0470 0021FF (v02 VBOX   VBOXBIOS 00000002 INTL 201528)
[   .000000] ACPI: FACS 0x00000000DFFF0200 000040
[    0.000000] CPI: FACS 0x0000000DFFF0200 000040
[   0.000000] ACPI: APIC 0x0000000DFFF0240 00005C (v02 VBOX   VBOXAPIC 00000001AS  00000061)
[    0.000000] ACPI: SSDT0x00000000DFF2A0 0001CC (v01 VBOX  VOXCPUT 0000002 IN 20100528)
[    0.000000] No NUMA configuration found
[   0.000000] Faking a node at [mem 0x0000000000000000-0x000000021fffffff]
[    0.000000] NODE_DATA(0) allocated [mem 0x21ffd4000-0x21fffefff]
[    0.000000] kvm-clock: cpu 0, msr 2:1ff53001, primary cpu clock
[    0.000000] kvm-clock: Using msrs 4b564d01 and 4b564d00
[    0.000000] kvm-clock: using sched offset of 3943924475 cycles
[    0.000000] clocksource: kvm-clock: mask: 0xffffffffffffffff max_cycles: 0x1cd42e4dffb, max_idle_ns: 881590591483 ns
[    0.000000] Zone ranges:
[    0.000000]   DMA      [mem 0x0000000000001000-0x0000000000ffffff]
[    0.000000]   DMA32    [mem 0x0000000001000000-0x00000000ffffffff]
[    0.000000]   Normal   [mem 0x0000000100000000-0x000000021fffffff]
[    0.000000]   Device   empty
[    0.000000] Movable zone start for each node
[    0.000000] Early memory node ranges
[    0.000000]   node   0: [mem 0x0000000000001000-0x000000000009efff]
[    0.000000]   node   0: [mem 0x0000000000100000-0x00000000dffeffff]
[    0.000000]   node   0: [mem 0x0000000100000000-0x000000021fffffff]
[    0.000000] Reserved but unavailable: 98 pages
[    0.000000] Initmem setup node 0 [mem 0x0000000000001000-0x000000021fffffff]
[    0.000000] ACPI: PM-Timer IO Port: 0x4008
[    0.000000] IOAPIC[0]: apic_id 2, version 32, address 0xfec00000, GSI 0-23
[    0.000000] ACPI: INT_SRC_OVR (bus 0 bus_irq 0 global_irq 2 dfl dfl)
[    0.000000] ACPI: INT_SRC_OVR (bus 0 bus_irq 9 global_irq 9 low level)
[    0.000000] Using ACPI (MADT) for SMP configuration information
[    0.000000] smpboot: Allowing 2 CPUs, 0 hotplug CPUs
[    0.000000] PM: Registered nosave memory: [mem 0x00000000-0x00000fff]
[    0.000000] PM: Registered nosave memory: [mem 0x0009f000-0x0009ffff]
[    0.000000] PM: Registered nosave memory: [mem 0x000a0000-0x000effff]
[    0.000000] PM: Registered nosave memory: [mem 0x000f0000-0x000fffff]
[    0.000000] PM: Registered nosave memory: [mem 0xdfff0000-0xdfffffff]
[    0.000000] PM: Registered nosave memory: [mem 0xe0000000-0xfebfffff]
[    0.000000]PM Registered noav memory: [mem 0xec0000-0xfec00fff]

[    0.000000] PM: Registered nosave memory: [mem 0xfec01000-0xfedfffff]
[    0.000000] PM: Registered nosave memory: [mem 0xfee00000-0xfee00fff]
[    0.000000] PM: Registered nosave memory: [mem 0xfe01000-0fffbffff]
[   0000000] PM: Registered nosave memory: [mem 0ffc0000-0xffffffff]
[    0.000000] e820: [mem 0xe0000000-0xfebfffff] availle for PCI devices
[    0.000000] Booting paravirtualized kernel on KVM
[    0.000000] clocksource: refined-jiffies: mask: 0xffffffff max_cycles: 0xffffffff, mx_idle_ns: 7645519600211568 ns
[    0.000000] random: get_random_bytes called from start_kernel+0x99/0x4fd with crng_init=0
[    0.000000] setup_percpu: NR_CPUS:8192 nr_cpumask_bits:2 nr_cpu_ids:2 nr_node_ids:1
[    0.000000] percpu: Embedded 45 pages/cpu s147456 r8192 d28672 u1048576
[    0.000000] PV qspinlock hash table entries: 256 (order: 0, 4096 bytes)
[    0.000000] Built 1 zonelists, mobility grouping on.  Total pages: 2064249
[    0.000000] Policy zone: Normal
[    0.000000] Kernel command line: BOOT_IMAGE=/boot/vmlinuz-4.15.0-76-generic root=LABEL=cloudimg-rootfs ro console=tty1 console=ttyS0
[    0.000000] Memory: 8142468K/8388152K available (12300K kernel code, 2481K rwdata, 4260K rodata, 2428K init, 2704K bss, 245684K reserved, 0K cma-reserved)
[    0.000000] SLUB: HWalign=64, Order=0-3, MinObjects=0, CPUs=2, Nodes=1
[    0.000000] Kernel/User page tables isolation: enabled
[    0.000000] ftrace: allocating 39322 entries in 154 pages
[    0.004000] Hierarchical RCU implementation.
[    0.004000] 	RCU restricting CPUs from NR_CPUS=8192 to nr_cpu_ids=2.
[    0.004000] 	Tasks RCU enabled.
[    0.004000] RCU: Adjusting geometry for rcu_fanout_leaf=16, nr_cpu_ids=2
[    0.004000] NR_IRQS: 524544, nr_irqs: 440, preallocated irqs: 16
[    0.004000] Console: colour VGA+ 80x25
[    0.004000] console [tty1] enabled
[    0.004000] console [ttyS0] enabled
[    0.004000] ACPI: Core revision 20170831
[    0.004000] ACPI: 2 ACPI AML tables successfully acquired and loaded
[  0.004000] APIC: Switch to symmetric I/O mode setup
[    0.004259] x2apic enabled
[    0.008007] Switched APIC routing to physical x2apic.
[    0.010678] ..TIMER: vector=0x30 apic1=0 pin1=2 apic2=-1 pin2=-1
[    0.012005] tsc: Detected 2494.226 MHz processor
[    0.016014] Calibrating delay loop (skipped) preset value.. 4988.45 BogoMIPS (lpj=9976904)
[    0.020005] pid_max: default: 32768 minimum: 301
[    0.024039] Security Framework initialized
[    0.028005] Yama: becoming mindful.
[    0.029155] AppArmor: AppArmor initialized
[    0.037651] Dentry cache hash table entries: 1048576 (order: 11, 8388608 bytes)
[    0.044163] Inode-cache hash table entries: 524288 (order: 10, 4194304 bytes)
[    0.048042] Mount-cache hash table entries: 16384 (order: 5, 131072 bytes)
[    0.052030] Mountpoint-cache hash table entries: 16384 (order: 5, 131072 bytes)
[    0.056270] Last level iTLB entries: 4KB 1024, 2MB 1024, 4MB 1024
[    0.058397] Last level dTLB entries: 4KB 1024, 2MB 1024, 4MB 1024, 1GB 4
[    0.060007] Spectre V1 : Mitigation: usercopy/swapgs barriers and __user pointer sanitization
[    0.064006] Spectre V2 : Mitigation: Full generic retpoline
[    0.068004] Spectre V2 : Spectre v2 / SpectreRSB mitigation: Filling RSB on context switch
[    0.072007] Speculative Store Bypass: Vulnerable
[    0.076046] MDS: Vulnerable: Clear CPU buffers attempted, no microcode
[    0.080159] Freeing SMP alternatives memory: 36K
[    0.194338] smpboot: CPU0: Intel(R) Core(TM) i7-4870HQ CPU @ 2.50GHz (family: 0x6, model: 0x46, stepping: 0x1)
[    0.196088] Performance Events: unsupported p6 CPU model 70 no PMU driver, software events only.
[    0.200043] Hierarchical SRCU implementation.
[    0.204573] NMI watchdog: Perf event create on CPU 0 failed with -2
[    0.208002] NMI watchdog: Perf NMI watchdog permanently disabled
[    0.213491] smp: Bringing up secondary CPUs ...
[    0.216085] x86: Booting SMP configuration:
[    0.220003] .... node  #0, CPUs:      #1
[    0.004000] kvm-clock: cpu 1, msr 2:1ff53041, secondary cpu clock
[    0.266317] smp: Brought up 1 node, 2 CPUs
[    0.268005] smpboot: Max logical packages: 1
[    0.272004] smpboot: Total of 2 processors activated (9976.90 BogoMIPS)
[    0.276379] devtmpfs: initialized
[    0.280051] x86/mm: Memory block size: 128MB
[    0.284471] evm: security.selinux
[    0.288002] evm: security.SMACK64
[    0.292002] evm: security.SMACK64EXEC
[    0.296002] evm: security.SMACK64TRANSMUTE
[    0.300002] evm: security.SMACK64MMAP
[    0.304002] evm: security.apparmor
[    0.308002] evm: security.ima
[    0.312007] evm: security.capability
[    0.316120] clocksource: jiffies: mask: 0xffffffff max_cycles: 0xffffffff, max_idle_ns: 7645041785100000 ns
[    0.320025] futex hash table entries: 512 (order: 3, 32768 bytes)
[    0.324084] pinctrl core: initialized pinctrl subsystem
[    0.327242] RTC time:  5:44:23, date: 02/06/20
[    0.328177] NET: Registered protocol family 16
[    0.329952] audit: initializing netlink subsys (disabled)
[    0.332043] audit: type=2000 audit(1580967864.694:1): state=initialized audit_enabled=0 res=1
[    0.336008] cpuidle: using governor ladder
[    0.337676] cpuidle: using governor menu
[    0.340053] ACPI: bus type PCI registered
[    0.341830] acpiphp: ACPI Hot Plug PCI Controller Driver version: 0.5
[    0.344129] PCI: Using configuration type 1 for base access
[    0.349117] HugeTLB registered 2.00 MiB page size, pre-allocated 0 pages
[    0.352147] ACPI: Added _OSI(Module Device)
[    0.353875] ACPI: Added _OSI(Processor Device)
[    0.356005] ACPI: Added _OSI(3.0 _SCP Extensions)
[    0.357791] ACPI: Added _OSI(Processor Aggregator Device)
[    0.360005] ACPI: Added _OSI(Linux-Dell-Video)
[    0.361808] ACPI: Added _OSI(Linux-Lenovo-NV-HDMI-Audio)
[    0.364005] ACPI: Added _OSI(Linux-HPI-Hybrid-Graphics)
[    0.365349] ACPI: Executed 1 blocks of module-level executable AML code
[    0.370802] ACPI: Interpreter enabled
[    0.372016] ACPI: (supports S0 S5)
[    0.372792] ACPI: Using IOAPIC for interrupt routing
[    0.374067] PCI: Using host bridge windows from ACPI; if necessary, use "pci=nocrs" and report a bug
[    0.376260] ACPI: Enabled 2 GPEs in block 00 to 07
[    0.389028] ACPI: PCI Root Bridge [PCI0] (domain 0000 [bus 00-ff])
[    0.392008] acpi PNP0A03:00: _OSC: OS supports [ASPM ClockPM Segments MSI]
[    0.396030] acpi PNP0A03:00: _OSC: not requesting OS control; OS requires [ExtendedConfig ASPM ClockPM MSI]
[    0.400020] acpi PNP0A03:00: fail to add MMCONFIG information, can't access extended PCI configuration space under this bridge.
[    0.404440] PCI host bridge to bus 0000:00
[    0.405346] pci_bus 0000:00: root bus resource [io  0x0000-0x0cf7 window]
[    0.406615] pci_bus 0000:00: root bus resource [io  0x0d00-0xffff window]
[    0.408003] pci_bus 0000:00: root bus resource [mem 0x000a0000-0x000bffff window]
[    0.412004] pci_bus 0000:00: root bus resource [mem 0xe0000000-0xfdffffff window]
[    0.416004] pci_bus 0000:00: root bus resource [bus 00-ff]
[    0.422333] pci 0000:00:01.1: legacy IDE quirk: reg 0x10: [io  0x01f0-0x01f7]
[    0.424004] pci 0000:00:01.1: legacy IDE quirk: reg 0x14: [io  0x03f6]
[    0.428004] pci 0000:00:01.1: legacy IDE quirk: reg 0x18: [io  0x0170-0x0177]
[    0.432004] pci 0000:00:01.1: legacy IDE quirk: reg 0x1c: [io  0x0376]
[    0.495166] pci 0000:00:07.0: quirk: [io  0x4000-0x403f] claimed by PIIX4 ACPI
[    0.496023] pci 0000:00:07.0: quirk: [io  0x4100-0x410f] claimed by PIIX4 SMB
[    0.540618] ACPI: PCI Interrupt Link [LNKA] (IRQs 5 9 10 *11)
[    0.544285] ACPI: PCI Interrupt Link [LNKB] (IRQs 5 9 *10 11)
[    0.548138] ACPI: PCI Interrupt Link [LNKC] (IRQs 5 *9 10 11)
[    0.552141] ACPI: PCI Interrupt Link [LNKD] (IRQs 5 9 10 *11)
[    0.556385] SCSI subsystem initialized
[    0.560058] pci 0000:00:02.0: vgaarb: setting as boot VGA device
[    0.564000] pci 0000:00:02.0: vgaarb: VGA device added: decodes=io+mem,owns=io+mem,locks=none
[    0.564008] pci 0000:00:02.0: vgaarb: bridge control possible
[    0.568003] vgaarb: loaded
[    0.572040] ACPI: bus type USB registered
[    0.576026] usbcore: registered new interface driver usbfs
[    0.580016] usbcore: registered new interface driver hub
[    0.582198] usbcore: registered new device driver usb
[    0.584056] EDAC MC: Ver: 3.0.0
[    0.585067] PCI: Using ACPI for IRQ routing
[    0.585127] NetLabel: Initializing
[    0.585775] NetLabel:  domain hash size = 128
[    0.588002] NetLabel:  protocols = UNLABELED CIPSOv4 CALIPSO
[    0.589016] NetLabel:  unlabeled traffic allowed by default
[    0.590125] clocksource: Switched to clocksource kvm-clock
[    0.601615] VFS: Disk quotasquot6.6.
[   0.692259] VFS: uo-cch hsh table entries 52 (order 0, 4096 byts)
[  0.33218] Apprmr:ApArmor Fileystem Enbled[    1.168701] pnp: PnP ACPI init
[    1.212834] pnp: PnP ACI:fond 3 devices

[   .30299 clockouce api_pm: msk 0xfffff max_cycles: 0xffffff, max_idle_ns: 2085701024 ns
[    1.54540] NET: Registered protocol family 2

[    1.567921] TCP established hash table entries: 65536 (order: 7, 524288 bytes)
[    1.570850] TCP bind hash table entries: 65536 (order: 8, 1048576 bytes)
[    1.573841] TCP: Hash tables configured (established 65536 bind 65536)
[    1.575309] UDP hash table entries: 4096 (order: 5, 131072 bytes)
[    1.76831] UDP-Lite hah table entri: 09 (rdr:5, 1307 bytes)
[    1.834218] NET: Registered protoco family 1   188530] pc 0000:00:00.0: Limitng direct PCI/PCI transfers
[    2.041035] pci 0000:00:1.0: Activating IA DMA hang workrounds
[   .125617] pc 0000:00:02.0 Vido evcewih hadowed ROM at [mem 0x000c0000-0x000dffff]
[   .32226] packing initramfs...

[    2.683876] Freeing initrd memory: 19200K
[    2.709289] PCI-DMA: Using software bounce buffering for IO (SWIOTLB)
[    2.738373] software IO TLB: mapped [mem 0xdbff0000-0xdfff0000] (64MB)
[    2.769506] clocksource: tsc: mask: 0xffffffffffffffff max_cycles: 0x23f3eb3743e, max_idle_ns: 440795257847 ns
[    2.780474] platform rtc_cmos: registered platform RTC device (no PNP device found)
[    2.782415] Scanning for low memory corruption every 60 seconds
[    2.784037] Initialise system trusted keyrings
[    2.784920] Key type blacklist registered
[    2.785762] workingset: timestamp_bits=36 max_order=21 bucket_order=0
[    2.787679] zbud: loaded
[    2.788720] squashfs: version 4.0 (2009/01/31) Phillip Lougher
[    2.818368] fuse init (API version 7.26)
[    2.846791] Key type asymmetric registered
[    2.872977] Asymmetric key parser 'x509' registered
[    2.880970] Block layer SCSI generic (bsg) driver version 0.4 loaded (major 246)
[    2.926954] io scheduler noop registered
[    2.936252] io scheduler deadline registered
[    2.952789] io scheduler cfq registered (default)
[    2.978668] ACPI: AC Adapter [AC] (on-line)
[    3.024721] input: Power Button as /devices/LNXSYSTM:00/LNXPWRBN:00/input/input0
[    3.074102] ACPI: Power Button [PWRF]
[    3.105245] input: Sleep Button as /devices/LNXSYSTM:00/LNXSLPBN:00/input/input1
[    3.122591] ACPI: Sleep Button [SLPF]
[    3.126178] ACPI: Battery Slot [BAT0] (battery present)
[    3.131722] Serial: 8250/16550 driver, 32 ports, IRQ sharing enabled
[    3.165112] 00:02: ttyS0 at I/O 0x3f8 (irq =4, base_bd  15200)isa 6550A

[   3.43396] Linux agpgart interface v0.103

[    3.392101] loop: module loaded
[    3.397318] scsi host0: ata_piix
[    3.401126] scsi host1: ata_piix
[    3.401869] ata1: PATA max UDMA/33 cmd 0x1f0 ctl 0x3f6 bmdma 0xd000 irq 14
[    3.403169] ata2: PATA max UDMA/33 cmd 0x170 ctl 0x376 bmdma 0xd008 irq 15
[    3.404591] libphy: Fixed MDIO Bus: probed
[    3.405581] tun: Universal TUN/TAP device driver, 1.6
[    3.406872] PPP generic driver version 2.4.2
[    3.407876] ehci_hcd: USB 2.0 'Enhanced' Host Controller (EHCI) Driver
[    3.409150] ehci-pci: EHCI PCI platform driver
[    3.409980] ehci-platform: EHCI generic platform driver
[    3.410935] ohci_hcd: USB 1.1 'Open' Host Controller (OHCI) Driver
[    3.412011] ohci-pci: OHCI PCI platform driver
[    3.412856] ohci-platform: OHCI generic platform driver
[    3.413790] uhci_hcd: USB Universal Host Controller Interface driver
[    3.414950] i8042: PNP: PS/2 Controller [PNP0303:PS2K,PNP0f03:PS2M] at 0x60,0x64 irq 1,12
[    3.416816] serio: i8042 KBD port at 0x60,0x64 irq 1
[    3.420835] serio: i8042 AUX port at 0x60,0x64 irq 12
[    3.441271] mousedev: PS/2 mouse device common for all mice
[    3.469249] rtc_cmos rtc_cmos: rtc core: registered rtc_cmos as rtc0
[    3.505080] input: AT Translated Set 2 keyboard as /devices/platform/i8042/serio0/input/input2
[    3.508082] rtc_cmos rtc_cmos: alarms up to one day, 114 bytes nvram
[    3.544224] i2c /dev entries driver
[    3.549402] device-mapper: uevent: version 1.0.3
[    3.558208] device-mapper: ioctl: 4.37.0-ioctl (2017-09-20) initialised: dm-devel@redhat.com
[    3.578873] ledtrig-cpu: registered to indicate activity on CPUs
[    3.607002] NET: Registered protocol family 10
[    3.652184] Segment Routing with IPv6
[    3.676097] NET: Registered protocol family 17
[    3.682877] Key type dns_resolver registered
[    3.706879] mce: Using 0 MCE banks
[    3.725364] RAS: Correctable Errors collector initialized.
[    3.785724] sched_clock: Marking stable (3785704284, 0)->(8707778501, -4922074217)
[    3.827341] registered taskstats version 1
[    3.866078] Loading compiled-in X.509 certificates
[    3.898840] Loaded X.509 cert 'Build time autogenerated kernel key: 665cd2b89e03521f57c41865f552ebce30a0c7fb'
[    3.947009] zswap: loaded using pool lzo/zbud
[    3.990306] Key type big_key registered
[    4.003163] Key type trusted registered
[    4.028079] Key type encrypted registered
[    4.042464] AppArmor: AppArmor sha1 policy hashing enabled
[    4.069779] ima: No TPM chip found, activating TPM-bypass! (rc=-19)
[    4.128542] ima: Allocated hash algorithm: sha1
[    4.145679] evm: HMAC attrs: 0x1
[    4.161712]   Magic number: 8:636:718
[    4.189819] rtc_cmos rtc_cmos: setting system clock to 2020-02-06 05:44:28 UTC (1580967868)
[    4.210359] BIOS EDD facility v0.16 2004-Jun-25, 0 devices found
[    4.218033] EDD information not available.
[    4.222287] Freeing unused kernel image memory: 2428K
[    4.248172] Write protecting the kernel read-only data: 20480k
[    4.253880] Freeing unused kernel image memory: 2008K
[    4.256725] Freeing unused kernel image memory: 1884K
[    4.266495] x86/mm: Checked W+X mappings: passed, no W+X pages found.
[    4.269351] x86/mm: Checking user space page tables
[    4.277601] x86/mm: Checked W+X mappings: passed, no W+X pages found.
Loading, please wait...
starting version 237
[    4.359348] e1000: Intel(R) PRO/1000 Network Driver - version 7.3.21-k8-NAPI
[    4.363399] e1000: Copyright (c) 1999-2006 Intel Corporation.
[    4.369097] Fusion MPT base driver 3.04.20
[    4.371427] Copyright (c) 1999-2008 LSI Corporation
[    4.382624] Fusion MPT SPI Host driver 3.04.20
[    4.402935] AVX2 version of gcm_enc/dec engaged.
[    4.416924] AES CTR mode by8 optimization enabled
[    4.597150] input: ImExPS/2 Generic Explorer Mouse as /devices/platform/i8042/serio1/input/input4
[    4.778758] e1000 0000:00:03.0 eth0: (PCI:33MHz:32-bit) 02:39:cc:03:60:4d
[    4.797244] e1000 0000:00:03.0 eth0: Intel(R) PRO/1000 Network Connection
[    5.236728] e1000 0000:00:08.0 eth1: (PCI:33MHz:32-bit) 08:00:27:c2:f0:58
[    5.306623] e1000 0000:00:08.0 eth1: Intel(R) PRO/1000 Network Connection
[    5.326401] mptbase: ioc0: Initiating bringup
[    5.327293] e1000 0000:00:03.0 enp0s3: renamed from eth0
[    5.348682] e1000 0000:00:08.0 enp0s8: renamed from eth1
[    5.432264] ioc0: LSI53C1030 A0: Capabilities={Initiator}
[    5.708724] scsi host2: ioc0: LSI53C1030 A0, FwRev=00000000h, Ports=1, MaxQ=256, IRQ=20
[    5.876812] scsi 2:0:0:0: Direct-Access     VBOX     HARDDISK         1.0  PQ: 0 ANSI: 5
[    6.248562] scsi target2:0:0: Beginning Domain Validation
[    6.727864] scsi target2:0:0: Domain Validation skipping write tests
[    6.786563] scsi target2:0:0: Ending Domain Validation
[    6.787655] scsi target2:0:0: asynchronous
[    6.788723] scsi 2:0:1:0: Direct-Access     VBOX     HARDDISK         1.0  PQ: 0 ANSI: 5
[    7.733839] scsi target2:0:1: Beginning Domain Validation
[    7.745633] random: fast init done
[    7.785405] scsi target2:0:1: Domain Validation skipping write tests
[    7.786818] scsi target2:0:1: Ending Domain Validation
[    8.265285] scsi target2:0:1: asynchronous
[    8.776401] random: systemd-udevd: uninitialized urandom read (16 bytes read)
[    8.776477] sd 2:0:0:0: Attached scsi generic sg0 type 0
[    8.777904] random: systemd-udevd: uninitialized urandom read (16 bytes read)
[    8.778966] sd 2:0:1:0: Attached scsi generic sg1 type 0
[    8.780141] random: systemd-udevd: uninitialized urandom read (16 bytes read)
[    8.825055] sd 2:0:1:0: [sdb] 20480 512-byte logical blocks: (10.5 MB/10.0 MiB)
[    8.832606] sd 2:0:0:0: [sda] 20971520 512-byte logical blocks: (10.7 GB/10.0 GiB)
[    8.854014] sd 2:0:1:0: [sdb] Write Protect is off
[    8.858056] sd 2:0:0:0: [sda] Write Protect is off
[    8.870880] sd 2:0:1:0: [sdb] Incomplete mode parameter data
[    8.871116] sd 2:0:0:0: [sda] Incomplete mode parameter data
[    8.875866] sd 2:0:1:0: [sdb] Assuming drive cache: write through
[    8.878382] sd 2:0:0:0: [sda] Assuming drive cache: write through
[    8.880111]  sda: sda1
[    8.909975] sd 2:0:0:0: [sda] Attached SCSI disk
[    8.915370] sd 2:0:1:0: [sdb] Attached SCSI disk
Begin: Loading essential drivers ... [   10.358025] raid6: sse2x1   gen() 11890 MB/s
[   10.464092] raid6: sse2x1   xor()  8501 MB/s
[   10.520053] raid6: sse2x2   gen() 13729 MB/s
[   10.592365] raid6: sse2x2   xor() 10259 MB/s
[   10.656328] raid6: sse2x4   gen() 16650 MB/s
[   10.732055] raid6: sse2x4   xor() 10324 MB/s
[   10.805851] raid6: avx2x1   gen() 23662 MB/s
[   10.864419] raid6: avx2x1   xor() 13918 MB/s
[   10.912589] raid6: avx2x2   gen() 26205 MB/s
[   10.992082] raid6: avx2x2   xor() 18329 MB/s
[   11.056235] raid6: avx2x4   gen() 26693 MB/s
[   11.132389] raid6: avx2x4   xor() 19256 MB/s
[   11.141982] raid6: using algorithm avx2x4 gen() 26693 MB/s
[   11.189847] raid6: .... xor() 19256 MB/s, rmw enabled
[   11.193128] raid6: using avx2x2 recovery algorithm
[   11.224895] xor: automatically using best checksumming function   avx       
[   11.265752] async_tx: api initialized (async)
done.
Begin: Running /scripts/init-premount ... done.
Begin: Mounting root file system ... Begin: R[   11.332937] Btrfs loaded, crc32c=crc32c-intel
unning /scripts/local-top ... done.
Begin: Running /scripts/local-premount ... Scanning for Btrfs filesystems
done.
Warning: fsck no[   11.373383] EXT4-fs (sda1): mounted filesystem with ordered data mode. Opts: (null)
t present, so skipping root file system
done.
Begin: Running /scripts/local-bottom ... done.
Begin: Running /scripts/init-bottom ... done.
[   11.610595] ip_tables: (C) 2000-2006 Netfilter Core Team
[   12.134474] systemd[1]: systemd 237 running in system mode. (+PAM +AUDIT +SELINUX +IMA +APPARMOR +SMACK +SYSVINIT +UTMP +LIBCRYPTSETUP +GCRYPT +GNUTLS +ACL +XZ +LZ4 +SECCOMP +BLKID +ELFUTILS +KMOD -IDN2 +IDN -PCRE2 default-hierarchy=hybrid)
[   12.138390] systemd[1]: Detected virtualization oracle.
[   12.139458] systemd[1]: Detected architecture x86-64.

Welcome to [1mUbuntu 18.04.4 LTS[0m!

[   12.253214] systemd[1]: Set hostname to <ubuntu>.
[   12.269429] systemd[1]: Initializing machine ID from random generator.
[   12.288922] systemd[1]: Installed transient /etc/machine-id file.
[   12.584961] systemd[1]: Created slice System Slice.
[[0;32m  OK  [0m] Created slice System Slice.
[   12.804406] systemd[1]: Listening on LVM2 poll daemon socket.
[[0;32m  OK  [0m] Listening on LVM2 poll daemon socket.
[   13.265931] systemd[1]: Listening on udev Kernel Socket.
[[0;32m  OK  [0m] Listening on udev Kernel Socket.
[   14.210533] systemd[1]: Started Forward Password Requests to Wall Directory Watch.
[[0;32m  OK  [0m] Started Forward Password Requests to Wall Directory Watch.
[[0;32m  OK  [0m] Reached target User and Group Name Lookups.
[[0;32m  OK  [0m] Created slice system-serial\x2dgetty.slice.
[[0;32m  OK  [0m] Listening on Device-mapper event daemon FIFOs.
[[0;32m  OK  [0m] Set up automount Arbitrary Executab…rmats File System Automount Point.
[[0;32m  OK  [0m] Listening on udev Control Socket.
[[0;32m  OK  [0m] Listening on Journal Socket.
         Starting Uncomplicated firewall...
         Starting Remount Root and Kernel File Systems...
[   15.239693] EXT4-fs (sda1): re-mounted. Opts: (null)
         Mounting Kernel Debug File System...
         Starting udev Coldplug all Devices...
         Starting Create list of required st…ce nodes for the current kernel...
[[0;32m  OK  [0m] Listening on Syslog Socket.
[[0;32m  OK  [0m] Listening on Network Service Netlink Socket.
         Mounting POSIX Message Queue File System...
[[0;32m  OK  [0m] Reached target Swap.
[[0;32m  OK  [0m] Created slice User and Session Slice.
[[0;32m  OK  [0m] Reached target Slices.
         Starting Set the console keyboard layout...
[[0;32m  OK  [0m] Listening on /dev/initctl Compatibility Named Pipe.
[[0;32m  OK  [0m] Listening on LVM2 metadata daemon socket.
         Starting Monitoring of LVM2 mirrors…ng dmeventd or progress polling...
         Starting Load Kernel Modules...
[[0;32m  OK  [0m] Reached target System Time Synchronized.
[   15.378599] Loading iSCSI transport class v2.0-870.
         Mounting Huge Pages File System...
[[0;32m  OK  [0m] Listening on Journal Audit Socket.
[   15.401955] iscsi: registered transport (tcp)
[[0;32m  OK  [0m] Listening on Journal Socket (/dev/log).
         Starting Journal Service...
[[0;32m  OK  [0m] Started Uncomplicated firewall.
[   15.448672] iscsi: registered transport (iser)
[[0;32m  OK  [0m] Started Remount Root and Kernel File Systems.
[[0;32m  OK  [0m] Mounted Kernel Debug File System.
[[0;32m  OK  [0m] Started Journal Service.
[[0;32m  OK  [0m] Started Create list of required sta…vice nodes for the current kernel.
[[0;32m  OK  [0m] Mounted POSIX Message Queue File System.
[[0;32m  OK  [0m] Started Load Kernel Modules.
[[0;32m  OK  [0m] Mounted Huge Pages File System.
[[0;32m  OK  [0m] Started LVM2 metadata daemon.
         Mounting FUSE Control File System...
         Mounting Kernel Configuration File System...
         Starting Apply Kernel Variables...
         Starting Create Static Device Nodes in /dev...
         Starting Load/Save Random Seed...
         Starting Flush Journal to Persistent Storage...
[[0;32m  OK  [0m] Started Monitoring of LVM2 mirrors,…sing dmeventd or progress polling.
[[0;32m  OK  [0m] Started udev Coldplug all Devices.
[[0;32m  OK  [0m] Mounted FUSE Control File System.
[[0;32m  OK  [0m] Mounted Kernel Configuration File System.
[[0;32m  OK  [0m] Started Apply Kernel Variables.
[[0;32m  OK  [0m] Started Create Static Device Nodes in /dev.
[[0;32m  OK  [0m] Started Load/Save Random Seed.
         Starting udev Kernel Device Manager...
[[0;32m  OK  [0m] Started udev Kernel Device Manager.
[[0;32m  OK  [0m] Started Flush Journal to Persistent Storage.
[[0;32m  OK  [0m] Found device /dev/ttyS0.
[[0;32m  OK  [0m] Listening on Load/Save RF Kill Switch Status /dev/rfkill Watch.
[[0;32m  OK  [0m] Started Set the console keyboard layout.
[[0;32m  OK  [0m] Reached target Local File Systems (Pre).
[[0;32m  OK  [0m] Reached target Local File Systems.
         Starting Commit a transient machine-id on disk...
         Starting AppArmor initialization...
         Starting Create Volatile Files and Directories...
         Starting Set console font and keymap...
         Starting ebtables ruleset management...
         Starting Tell Plymouth To Write Out Runtime Data...
[[0;32m  OK  [0m] Started Dispatch Password Requests to Console Directory Watch.
[[0;32m  OK  [0m] Reached target Local Encrypted Volumes.
[[0;32m  OK  [0m] Started Commit a transient machine-id on disk.
[[0;32m  OK  [0m] Started Create Volatile Files and Directories.
[[0;32m  OK  [0m] Started Tell Plymouth To Write Out Runtime Data.
         Starting Update UTMP about System Boot/Shutdown...
[[0;32m  OK  [0m] Started Update UTMP about System Boot/Shutdown.
[[0;32m  OK  [0m] Started ebtables ruleset management.
[[0;32m  OK  [0m] Started AppArmor initialization.
         Starting Initial cloud-init job (pre-networking)...
[[0;32m  OK  [0m] Started Set console font and keymap.
[   18.605699] cloud-init[859]: Cloud-init v. 19.4-33-gbb4131a2-0ubuntu1~18.04.1 running 'init-local' at Thu, 06 Feb 2020 05:44:42 +0000. Up 18.27 seconds.
[[0;32m  OK  [0m] Started Initial cloud-init job (pre-networking).
[[0;32m  OK  [0m] Reached target Network (Pre).
         Starting Network Service...
[[0;32m  OK  [0m] Started Network Service.
         Starting Wait for Network to be Configured...
         Starting Network Name Resolution...
[[0;32m  OK  [0m] Started Network Name Resolution.
[[0;32m  OK  [0m] Reached target Network.
[[0;32m  OK  [0m] Reached target Host and Network Name Lookups.
[[0;32m  OK  [0m] Started Wait for Network to be Configured.
         Starting Initial cloud-init job (metadata service crawler)...
[   20.852484] cloud-init[988]: Cloud-init v. 19.4-33-gbb4131a2-0ubuntu1~18.04.1 running 'init' at Thu, 06 Feb 2020 05:44:45 +0000. Up 20.72 seconds.
[   20.870808] cloud-init[988]: ci-info: ++++++++++++++++++++++++++++++++++++++Net device info+++++++++++++++++++++++++++++++++++++++
[   20.908188] cloud-init[988]: ci-info: +--------+-------+----------------------------+---------------+--------+-------------------+
[   20.912184] cloud-init[988]: ci-info: | Device |   Up  |          Address           |      Mask     | Scope  |     Hw-Address    |
[   20.914588] cloud-init[988]: ci-info: +--------+-------+----------------------------+---------------+--------+-------------------+
[   20.916934] cloud-init[988]: ci-info: | enp0s3 |  True |         10.0.2.15          | 255.255.255.0 | global | 02:39:cc:03:60:4d |
[   20.919438] cloud-init[988]: ci-info: | enp0s3 |  True | fe80::39:ccff:fe03:604d/64 |       .       |  link  | 02:39:cc:03:60:4d |
[   20.924985] cloud-init[988]: ci-info: | enp0s8 | False |             .              |       .       |   .    | 08:00:27:c2:f0:58 |
[   20.927353] cloud-init[988]: ci-info: |   lo   |  True |         127.0.0.1          |   255.0.0.0   |  host  |         .         |
[   20.929681] cloud-init[988]: ci-info: |   lo   |  True |          ::1/128           |       .       |  host  |         .         |
[   20.931859] cloud-init[988]: ci-info: +--------+-------+----------------------------+---------------+--------+-------------------+
[   20.934331] cloud-init[988]: ci-info: ++++++++++++++++++++++++++++Route IPv4 info+++++++++++++++++++++++++++++
[   20.936380] cloud-init[988]: ci-info: +-------+-------------+----------+-----------------+-----------+-------+
[   20.938317] cloud-init[988]: ci-info: | Route | Destination | Gateway  |     Genmask     | Interface | Flags |
[   20.940517] cloud-init[988]: ci-info: +-------+-------------+----------+-----------------+-----------+-------+
[   20.942205] cloud-init[988]: ci-info: |   0   |   0.0.0.0   | 10.0.2.2 |     0.0.0.0     |   enp0s3  |   UG  |
[   20.944160] cloud-init[988]: ci-info: |   1   |   10.0.2.0  | 0.0.0.0  |  255.255.255.0  |   enp0s3  |   U   |
[   20.945881] cloud-init[988]: ci-info: |   2   |   10.0.2.2  | 0.0.0.0  | 255.255.255.255 |   enp0s3  |   UH  |
[   20.947539] cloud-init[988]: ci-info: +-------+-------------+----------+-----------------+-----------+-------+
[   20.949214] cloud-init[988]: ci-info: +++++++++++++++++++Route IPv6 info+++++++++++++++++++
[   20.950693] cloud-init[988]: ci-info: +-------+-------------+---------+-----------+-------+
[   20.952124] cloud-init[988]: ci-info: | Route | Destination | Gateway | Interface | Flags |
[   20.953615] cloud-init[988]: ci-info: +-------+-------------+---------+-----------+-------+
[   20.955478] cloud-init[988]: ci-info: |   1   |  fe80::/64  |    ::   |   enp0s3  |   U   |
[   20.960902] cloud-init[988]: ci-info: |   3   |    local    |    ::   |   enp0s3  |   U   |
[   20.964187] cloud-init[988]: ci-info: |   4   |   ff00::/8  |    ::   |   enp0s3  |   U   |
[   20.967126] cloud-init[988]: ci-info: +-------+-------------+---------+-----------+-------+
[   21.458678] cloud-init[988]: Generating public/private rsa key pair.
[   21.486756] cloud-init[988]: Your identification has been saved in /etc/ssh/ssh_host_rsa_key.
[[   21.525132] cloud-init[988]: Your public key has been saved in /etc/ssh/ssh_host_rsa_key.pub.
[0;32m  OK  [0m] Started Initial cloud-init job (metadata service crawler).
[   21.525441] cloud-init[988]: The key fingerprint is:
[[   21.576707] cloud-init[988]: SHA256:KBCT+aYaksTWorutM3zXI5V9Dvk3Yd9v/Yr0mx8HubI root@ubuntu-bionic
[0;32m  OK  [0m] Reached target Cloud-config availability.
[   21.577057] cloud-init[988]: The key's randomart image is:
[[   21.612796] cloud-init[988]: +---[RSA 2048]----+
[0;32m  OK  [0m] Reached target System Initialization.
[   21.613197] cloud-init[988]: |  oo             |
[[   21.652412] cloud-init[988]: |  oo             |
[0;32m  OK  [0m] [   21.652566] Started Daily apt download activities.cloud-init
[988]: |. o.             |
[[   21.666934] cloud-init[988]: | = oo  .       . |
[0;32m  OK  [0m[   21.667080] ] cloud-initStarted Daily apt upgrade and clean activities.[988]: 
|+..o. . S .   o  |
         Starting Socket activation for snappy daemon.
[   21.694268] cloud-init[988]: |= .  . o + . o o |
[[   21.726103] cloud-init[988]: |o+    o   = + +.+|
[   21.726304] cloud-init[988]: |=o . o o   + B o*|
[0;32m  OK  [0m] Listening on ACPID Listen Socket.
[   21.727339] cloud-init[988]: |o=o . . .   E *=*|
[[   21.764699] cloud-init[988]: +----[SHA256]-----+
[   21.764921] cloud-init[988]: Generating public/private dsa key pair.
[0;32m  OK  [0m] Listening on D-Bus System Message Bus Socket.
[   21.765826] cloud-init[988]: Your identification has been saved in /etc/ssh/ssh_host_dsa_key.
[[   21.793877] cloud-init[988]: Your public key has been saved in /etc/ssh/ssh_host_dsa_key.pub.
[   21.794004] [0;32m  OK  [0mcloud-init] [988]: Started ACPI Events Check.The key fingerprint is:

[   21.794505] cloud-init[988]: SHA256:G2Q/GjtLHywaKuv7ongoP2z8AsPJsTKSt+/R3DnCjlk root@ubuntu-bionic
[   21.800508] cloud-init[988]: The key's randomart image is:
[[0;32m  OK  [0m] Reached target Paths.
[   21.801250] cloud-init[988]: +---[DSA 1024]----+
[[   21.835481] cloud-init[988]: |                 |
[0;32m  OK  [0m] Started Message of the Day.
[   21.835721] cloud-init[988]: |                 |
         Starting LXD - unix socket.
[   21.860761] [[0;32m  OK  [0m] Started Daily Cleanup of Temporary Directories.
[[0;32m  OK  [0m] Listening on UUID daemon activation socket.cloud-init
[988]: |        o        |
[[0;32m  OK  [0m] Started Discard unused blocks once a week.
[   21.891888] [[0;32m  OK  [0m] Listening on Open-iSCSI iscsid Socket.
[[0;32m  OK  [0m] Reached target Timers.
[[0;32m  OK  [0m] Reached target Network is Online.
cloud-init[988]: | .     o .       |
[[0;32m  OK  [0m] Reached target Remote File Systems (Pre).
[   21.915529] cloud-init[[0;32m  OK  [0m] Reached target Remote File Systems.
[988]: |o.+     S o      |
[   21.924023] cloud-init[988]: |B=.  + . O .     |
[   21.932268] cloud-init[988]: |oO .. E @ o      |
[   21.932398] cloud-init[988]: |+ @  B = * .     |
[   21.933665] cloud-init[988]: |+*=%O o . .      |
[   21.935851] cloud-init[988]: +----[SHA256]-----+
[   21.935931] cloud-init[988]: Generating public/private ecdsa key pair.
[   21.936052] cloud-init[988]: Your identification has been saved in /etc/ssh/ssh_host_ecdsa_key.
[   21.936118] cloud-init[988]: Your public key has been saved in /etc/ssh/ssh_host_ecdsa_key.pub.
[   21.936167] cloud-init[988]: The key fingerprint is:
[   21.936205] cloud-init[988]: SHA256:RkWHgOpyT3E55nrfMkj5Z6pSncvqFLv0N7gcOZ8K5aQ root@ubuntu-bionic
[   21.936262] cloud-init[988]: The key's randomart image is:
[   21.936302] cloud-init[988]: +---[ECDSA 256]---+
         Starting Availability of block devices...
[[0;32m  OK  [0m] Listening on Socket activation for snappy daemon.
[[0;32m  OK  [0m] Listening on LXD - unix socket.
[   21.936498] cloud-init[988]: |       ..oo..    |
[   22.016305] cloud-init[988]: |      .  ...     |
[[0;32m  OK  [0m] Started Availability of block devices.
[[0;32m  OK  [0m] Reached target Sockets.
[[0;32m  OK  [0m] Reached target Basic System.
[   22.025014] cloud-init[988]: |     .  ..       |
[[0;32m  OK  [0m] Started Deferred execution scheduler.
[   22.078762] cloud-init[988]: |    . ..=        |
[[0;32m  OK  [0m] Started D-Bus System Message Bus.
[   22.098746] cloud-init[988]: |   .   =S+o.     |
[   22.118601] cloud-init[988]: |  . o ..=Bo.     |
         Starting Dispatcher daemon for systemd-networkd...
[   22.125072] cloud-init[988]: |   o o +E+=o     |
         Starting System Logging Service...
[   22.143763] cloud-init[988]: |      +oo=B==.   |
         Starting Permit User Sessions...
[   22.184223] cloud-init[988]: |       +=+BX+.   |
         Starting LSB: automatic crash report generation...
[   22.207151] cloud-init[988]: +----[SHA256]-----+
         Starting Accounts Service...
[   22.223391] cloud-init[988]: Generating public/private ed25519 key pair.
[   22.244961] cloud-init[988]: Your identification has been saved in /etc/ssh/ssh_host_ed25519_key.
[   22.256451] cloud-init[988]: Your public key has been saved in /etc/ssh/ssh_host_ed25519_key.pub.
[[0;32m  OK  [0m] Started Regular background program processing daemon.
[   22.273262] cloud-init[988]: The key fingerprint is:
         Starting Pollinate to seed the pseudo random number generator...
[   22.307186] cloud-init[988]: SHA256:4GzYgGGtnfopBohkIlu1atl6njxsyCwWuydTUj9jGhA root@ubuntu-bionic
[   22.348328]          cloud-initStarting LSB: Record successful boot for GRUB...[988]: 
The key's randomart image is:
[[0;32m  OK  [0m] Started irqbalance daemon.
[   22.385199] cloud-init[988]: [[0;32m  OK  [0m] Started FUSE filesystem for LXC.
         Starting Login Service...
+--[ED25519 256]--+
         Starting Snappy daemon...
[   22.404976] cloud-init[988]: |  o.             |         Starting LXD - container startup/shutdown...

         Starting Virtualbox guest utils...
[   22.420347] [[0;32m  OK  [0m] Started System Logging Service.
cloud-init[988]: | E oo            |
[[0;32m  OK  [0m] Started Dispatcher daemon for systemd-networkd.
[   22.437212] cloud-init[988]: |  o+.o.          |
[[0;32m  OK  [0m] Started Permit User Sessions.
[   22.440681] cloud-init[988]: |o+o.+* .         |
[   22.442077] cloud-init[988]: |Boo=o = S        |
[   22.445741] cloud-init[988]: |=o=o.*           |
[   22.448639] cloud-init[988]: | ===+.o          |
[   22.451003] cloud-init[988]: |.=B+B.           |
[   22.454234] cloud-init[988]: |.+==+.           |
[   22.457551] cloud-init[988]: +----[SHA256]-----+
[[0;32m  OK  [0m] Started Login Service.
[[0;32m  OK  [0m] Started Unattended Upgrades Shutdown.
         Starting Authorization Manager...
         Starting Hold until boot process finishes up...
         Starting Terminate Plymouth Boot Screen...
[[0;32m  OK  [0m] Started Hold until boot process finishes up.
[[0;32m  OK  [0m] Started Terminate Plymouth Boot Screen.
[[0;32m  OK  [0m] Started LSB: automatic crash report generation.
         Starting Set console scheme...
[[0;32m  OK  [0m] Started Serial Getty on ttyS0.
[[0;32m  OK  [0m] Started Set console scheme.
[[0;32m  OK  [0m] Created slice system-getty.slice.
[[0;32m  OK  [0m] Started Getty on tty1.
[[0;32m  OK  [0m] Reached target Login Prompts.
[[0;32m  OK  [0m] Started LXD - container startup/shutdown.
[[0;32m  OK  [0m] Started LSB: Record successful boot for GRUB.
[[0;32m  OK  [0m] Started Authorization Manager.
[[0;32m  OK  [0m] Started Accounts Service.
[[0;32m  OK  [0m] Started Virtualbox guest utils.
[[0;32m  OK  [0m] Started Snappy daemon.
         Starting Wait until snapd is fully seeded...
[[0;32m  OK  [0m] Started Pollinate to seed the pseudo random number generator.
         Starting OpenBSD Secure Shell server...
[[0;32m  OK  [0m] Started OpenBSD Secure Shell server.
[[0;32m  OK  [0m] Created slice User Slice of vagrant.
         Starting User Manager for UID 1000...
[[0;32m  OK  [0m] Started Session 1 of user vagrant.
[[0;32m  OK  [0m] Started User Manager for UID 1000.
         Stopping User Manager for UID 1000...
[[0;32m  OK  [0m] Stopped User Manager for UID 1000.
[[0;32m  OK  [0m] Removed slice User Slice of vagrant.
[[0;32m  OK  [0m] Started Wait until snapd is fully seeded.
         Starting Apply the settings specified in cloud-config...
[[0;32m  OK  [0m] Reached target Multi-User System.
[[0;32m  OK  [0m] Reached target Graphical Interface.
         Starting Update UTMP about System Runlevel Changes...
[[0;32m  OK  [0m] Started Update UTMP about System Runlevel Changes.
[[0;32m  OK  [0m] Created slice User Slice of vagrant.
         Starting User Manager for UID 1000...
[[0;32m  OK  [0m] Started Session 3 of user vagrant.
[[0;32m  OK  [0m] Started User Manager for UID 1000.
[   27.355690] cloud-init[1975]: Cloud-init v. 19.4-33-gbb4131a2-0ubuntu1~18.04.1 running 'modules:config' at Thu, 06 Feb 2020 05:44:51 +0000. Up 27.02 seconds.
[[0;32m  OK  [0m] Started Apply the settings specified in cloud-config.
         Starting Execute cloud user/final scripts...
ci-info: no authorized SSH keys fingerprints found for user ubuntu.
<14>Feb  6 05:44:52 ec2: 
<14>Feb  6 05:44:52 ec2: #############################################################
<14>Feb  6 05:44:52 ec2: -----BEGIN SSH HOST KEY FINGERPRINTS-----
<14>Feb  6 05:44:52 ec2: 1024 SHA256:G2Q/GjtLHywaKuv7ongoP2z8AsPJsTKSt+/R3DnCjlk root@ubuntu-bionic (DSA)
<14>Feb  6 05:44:52 ec2: 256 SHA256:RkWHgOpyT3E55nrfMkj5Z6pSncvqFLv0N7gcOZ8K5aQ root@ubuntu-bionic (ECDSA)
<14>Feb  6 05:44:52 ec2: 256 SHA256:4GzYgGGtnfopBohkIlu1atl6njxsyCwWuydTUj9jGhA root@ubuntu-bionic (ED25519)
<14>Feb  6 05:44:52 ec2: 2048 SHA256:KBCT+aYaksTWorutM3zXI5V9Dvk3Yd9v/Yr0mx8HubI root@ubuntu-bionic (RSA)
<14>Feb  6 05:44:52 ec2: -----END SSH HOST KEY FINGERPRINTS-----
<14>Feb  6 05:44:52 ec2: #############################################################
-----BEGIN SSH HOST KEY KEYS-----
ecdsa-sha2-nistp256 AAAAE2VjZHNhLXNoYTItbmlzdHAyNTYAAAAIbmlzdHAyNTYAAABBBFaYQnC+45BmFx9iDMaeV58A7CsBnCO+QuBcGYMZt5UwtCC/rQW2wBjHPtNfIUpXvS2KzSbTqL78pY1s3AnNPbQ= root@ubuntu-bionic
ssh-ed25519 AAAAC3NzaC1lZDI1NTE5AAAAIG9ebWnvV2cOcNAU9FfuyfkCIc+Mga2i6H7jsONp+kts root@ubuntu-bionic
ssh-rsa AAAAB3NzaC1yc2EAAAADAQABAAABAQDGZYwl4WO9sjzb05RaEtVSDj8glytKZJbamutkRxq/aCtsGdxpm5G9FyzBTGmFXdSRfOO3SvUm1hhBRuf3Q3uddgSyMc4GV+s1Hyv3ty32BhkTuyELw91Rs+8JmpTL0csh5u2RsX45sSwnP0gnyaJBgH3r/RzEr+qduw9CCGwNgkknh21C3yDHuDB19BfAevD84nFJpV4THpz+UFap768DWxEyDKIx4K6xvkNcMC4K39On+m36GqvXhJXVCLrEK9uP9KQ0sn6EY0nyCDr73eqAr99LGicWTF4YAdsQAOg/MRJSZQB5YlCO8hR6+/Ngcp6wgaZubzsjRCriLY9BTtn5 root@ubuntu-bionic
-----END SSH HOST KEY KEYS-----
[   27.933102] cloud-init[2112]: Cloud-init v. 19.4-33-gbb4131a2-0ubuntu1~18.04.1 running 'modules:final' at Thu, 06 Feb 2020 05:44:52 +0000. Up 27.80 seconds.
[   27.933214] cloud-init[2112]: ci-info: no authorized SSH keys fingerprints found for user ubuntu.
[   27.933283] cloud-init[2112]: Cloud-init v. 19.4-33-gbb4131a2-0ubuntu1~18.04.1 finished at Thu, 06 Feb 2020 05:44:52 +0000. Datasource DataSourceNoCloud [seed=/dev/sdb][dsmode=net].  Up 27.92 seconds

Ubuntu 18.04.4 LTS ubuntu-bionic ttyS0

ubuntu-bionic login: 